[    0.000000] Initializing cgroup subsys cpuset
[    0.000000] Initializing cgroup subsys cpu
[    0.000000] Initializing cgroup subsys cpuacct
[    0.000000] Linux version 4.4.0-184-generic (buildd@lgw01-amd64-060) (gcc version 5.4.0 20160609 (Ubuntu 5.4.0-6ubuntu1~16.04.12) ) #214-Ubuntu SMP Thu Jun 4 10:14:11 UTC 2020 (Ubuntu 4.4.0-184.214-generic 4.4.223)
[    0.000000] Command line: BOOT_IMAGE=/boot/vmlinuz-4.4.0-184-generic root=LABEL=cloudimg-rootfs ro console=tty1 console=ttyS0
[    0.000000] KERNEL supported cpus:
[    0.000000]   Intel GenuineIntel
[    0.000000]   AMD AuthenticAMD
[    0.000000]   Centaur CentaurHauls
[    0.000000] [Firmware Bug]: TSC doesn't count with P0 frequency!
[    0.000000] x86/fpu: Legacy x87 FPU detected.
[    0.000000] e820: BIOS-provided physical RAM map:
[    0.000000] BIOS-e820: [mem 0x0000000000000000-0x000000000009fbff] usable
[    0.000000] BIOS-e820: [mem 0x000000000009fc00-0x000000000009ffff] reserved
[    0.000000] BIOS-e820: [mem 0x00000000000f0000-0x00000000000fffff] reserved
[    0.000000] BIOS-e820: [mem 0x0000000000100000-0x000000003ffeffff] usable
[    0.000000] BIOS-e820: [mem 0x000000003fff0000-0x000000003fffffff] ACPI data
[    0.000000] BIOS-e820: [mem 0x00000000fec00000-0x00000000fec00fff] reserved
[    0.000000] BIOS-e820: [mem 0x00000000fee00000-0x00000000fee00fff] reserved
[    0.000000] BIOS-e820: [mem 0x00000000fffc0000-0x00000000ffffffff] reserved
[    0.000000] NX (Execute Disable) protection: active
[    0.000000] SMBIOS 2.5 present.
[    0.000000] Hypervisor detected: KVM
[    0.000000] Kernel/User page tables isolation: disabled
[    0.000000] e820: last_pfn = 0x3fff0 max_arch_pfn = 0x400000000
[    0.000000] MTRR: Disabled
[    0.000000] x86/PAT: MTRRs disabled, skipping PAT initialization too.
[    0.000000] CPU MTRRs all blank - virtualized system.
[    0.000000] x86/PAT: Configuration [0-7]: WB  WT  UC- UC  WB  WT  UC- UC  
[    0.000000] found SMP MP-table at [mem 0x0009fff0-0x0009ffff] mapped at [ffff88000009fff0]
[    0.000000] Scanning 1 areas for low memory corruption
[    0.000000] RAMDISK: [mem 0x362de000-0x37166fff]
[    0.000000] ACPI: Early table checksum verification disabled
[    0.000000] ACPI: RSDP 0x00000000000E0000 000024 (v02 VBOX  )
[    0.000000] ACPI: XSDT 0x000000003FFF0030 00003C (v01 VBOX   VBOXXSDT 00000001 ASL  00000061)
[    0.000000] ACPI: FACP 0x000000003FFF00F0 0000F4 (v04 VBOX   VBOXFACP 00000001 ASL  00000061)
[    0.000000] ACPI: DSDT 0x000000003FFF0470 002325 (v02 VBOX   VBOXBIOS 00000002 INTL 20180105)
[    0.000000] ACPI: FACS 0x000000003FFF0200 000040
[    0.000000] ACPI: FACS 0x000000003FFF0200 000040
[    0.000000] ACPI: APIC 0x000000003FFF0240 00005C (v02 VBOX   VBOXAPIC 00000001 ASL  00000061)
[    0.000000] ACPI: SSDT 0x000000003FFF02A0 0001CC (v01 VBOX   VBOXCPUT 00000002 INTL 20180105)
[    0.000000] No NUMA configuration found
[    0.000000] Faking a node at [mem 0x0000000000000000-0x000000003ffeffff]
[    0.000000] NODE_DATA(0) allocated [mem 0x3ffeb000-0x3ffeffff]
[    0.000000] kvm-clock: Using msrs 4b564d01 and 4b564d00
[    0.000000] kvm-clock: cpu 0, msr 0:3ffe3001, primary cpu clock
[    0.000000] kvm-clock: using sched offset of 5239576538 cycles
[    0.000000] clocksource: kvm-clock: mask: 0xffffffffffffffff max_cycles: 0x1cd42e4dffb, max_idle_ns: 881590591483 ns
[    0.000000] Zone ranges:
[    0.000000]   DMA      [mem 0x0000000000001000-0x0000000000ffffff]
[    0.000000]   DMA32    [mem 0x0000000001000000-0x000000003ffeffff]
[    0.000000]   Normal   empty
[    0.000000]   Device   empty
[    0.000000] Movable zone start for each node
[    0.000000] Early memory node ranges
[    0.000000]   node   0: [mem 0x0000000000001000-0x000000000009efff]
[    0.000000]   node   0: [mem 0x0000000000100000-0x000000003ffeffff]
[    0.000000] Initmem setup node 0 [mem 0x0000000000001000-0x000000003ffeffff]
[    0.000000] ACPI: PM-Timer IO Port: 0x4008
[    0.000000] IOAPIC[0]: apic_id 2, version 32, address 0xfec00000, GSI 0-23
[    0.000000] ACPI: INT_SRC_OVR (bus 0 bus_irq 0 global_irq 2 dfl dfl)
[    0.000000] ACPI: INT_SRC_OVR (bus 0 bus_irq 9 global_irq 9 low level)
[    0.000000] Using ACPI (MADT) for SMP configuration information
[    0.000000] smpboot: Allowing 2 CPUs, 0 hotplug CPUs
[    0.000000] PM: Registered nosave memory: [mem 0x00000000-0x00000fff]
[    0.000000] PM: Registered nosave memory: [mem 0x0009f000-0x0009ffff]
[    0.000000] PM: Registered nosave memory: [mem 0x000a0000-0x000effff]
[    0.000000] PM: Registered nosave memory: [mem 0x000f0000-0x000fffff]
[    0.000000] e820: [mem 0x40000000-0xfebfffff] available for PCI devices
[    0.000000] Booting paravirtualized kernel on KVM
[    0.000000] clocksource: refined-jiffies: mask: 0xffffffff max_cycles: 0xffffffff, max_idle_ns: 7645519600211568 ns
[    0.000000] setup_percpu: NR_CPUS:512 nr_cpumask_bits:512 nr_cpu_ids:2 nr_node_ids:1
[    0.000000] PERCPU: Embedded 33 pages/cpu @ffff88003fc00000 s95448 r8192 d31528 u1048576
[    0.000000] Built 1 zonelists in Node order, mobility grouping on.  Total pages: 257912
[    0.000000] Policy zone: DMA32
[    0.000000] Kernel command line: BOOT_IMAGE=/boot/vmlinuz-4.4.0-184-generic root=LABEL=cloudimg-rootfs ro console=tty1 console=ttyS0
[    0.000000] PID hash table entries: 4096 (order: 3, 32768 bytes)
[    0.000000] Memory: 997664K/1048120K available (8632K kernel code, 1336K rwdata, 4036K rodata, 1492K init, 1292K bss, 50456K reserved, 0K cma-reserved)
[    0.000000] SLUB: HWalign=64, Order=0-3, MinObjects=0, CPUs=2, Nodes=1
[    0.000000] Hierarchical RCU implementation.
[    0.000000] 	Build-time adjustment of leaf fanout to 64.
[    0.000000] 	RCU restricting CPUs from NR_CPUS=512 to nr_cpu_ids=2.
[    0.000000] RCU: Adjusting geometry for rcu_fanout_leaf=64, nr_cpu_ids=2
[    0.000000] NR_IRQS:33024 nr_irqs:440 16
[    0.000000] Console: colour VGA+ 80x25
[    0.000000] console [tty1] enabled
[    0.000000] console [ttyS0] enabled
[    0.000000] tsc: Detected 3693.052 MHz processor
[    0.621171] Calibrating delay loop (skipped) preset value.. 7386.10 BogoMIPS (lpj=14772208)
[    0.629544] pid_max: default: 32768 minimum: 301
[    0.634277] ACPI: Core revision 20150930
[    0.639994] ACPI: 2 ACPI AML tables successfully acquired and loaded
[    0.645676] Security Framework initialized
[    0.649792] Yama: becoming mindful.
[    0.657927] AppArmor: AppArmor initialized
[    0.663191] Dentry cache hash table entries: 131072 (order: 8, 1048576 bytes)
[    0.670770] Inode-cache hash table entries: 65536 (order: 7, 524288 bytes)
[    0.677242] Mount-cache hash table entries: 2048 (order: 2, 16384 bytes)
[    0.684657] Mountpoint-cache hash table entries: 2048 (order: 2, 16384 bytes)
[    0.695508] Initializing cgroup subsys io
[    0.700196] Initializing cgroup subsys memory
[    0.704931] Initializing cgroup subsys devices
[    0.709039] Initializing cgroup subsys freezer
[    0.713722] Initializing cgroup subsys net_cls
[    0.717458] Initializing cgroup subsys perf_event
[    0.721891] Initializing cgroup subsys net_prio
[    0.725784] Initializing cgroup subsys hugetlb
[    0.730606] Initializing cgroup subsys pids
[    0.735709] mce: CPU supports 0 MCE banks
[    0.740447] Last level iTLB entries: 4KB 1024, 2MB 1024, 4MB 512
[    0.746519] Last level dTLB entries: 4KB 1536, 2MB 1536, 4MB 768, 1GB 0
[    0.753048] Spectre V1 : Mitigation: usercopy/swapgs barriers and __user pointer sanitization
[    0.761558] Spectre V2 : Spectre mitigation: LFENCE not serializing, switching to generic retpoline
[    0.771262] Spectre V2 : Mitigation: Full generic retpoline
[    0.775951] Spectre V2 : Spectre v2 / SpectreRSB mitigation: Filling RSB on context switch
[    0.783767] Speculative Store Bypass: Mitigation: Speculative Store Bypass disabled via prctl and seccomp
[    0.817955] Freeing SMP alternatives memory: 36K
[    0.880770] ftrace: allocating 32319 entries in 127 pages
[    1.395926] smpboot: APIC(0) Converting physical 0 to logical package 0
[    1.401690] smpboot: Max logical packages: 1
[    1.407709] x2apic enabled
[    1.411513] Switched APIC routing to physical x2apic.
[    1.424022] ..TIMER: vector=0x30 apic1=0 pin1=2 apic2=-1 pin2=-1
[    1.538516] smpboot: CPU0: AMD Ryzen 7 2700X Eight-Core Processor (family: 0x17, model: 0x8, stepping: 0x2)
[    1.549410] Performance Events: Broken PMU hardware detected, using software events only.
[    1.557720] Failed to access perfctr msr (MSR c0010007 is 0)
[    1.924979] KVM setup paravirtual spinlock
[    1.931837] x86: Booting SMP configuration:
[    1.936241] .... node  #0, CPUs:      #1
[    1.941016] kvm-clock: cpu 1, msr 0:3ffe3041, secondary cpu clock
[    1.945183] mce: CPU supports 0 MCE banks
[    1.949918] x86: Booted up 1 node, 2 CPUs
[    1.954853] smpboot: Total of 2 processors activated (14772.20 BogoMIPS)
[    1.961232] devtmpfs: initialized
[    1.966235] evm: security.selinux
[    1.969755] evm: security.SMACK64
[    1.972521] evm: security.SMACK64EXEC
[    1.977293] evm: security.SMACK64TRANSMUTE
[    1.981942] evm: security.SMACK64MMAP
[    1.984885] evm: security.ima
[    1.988021] evm: security.capability
[    1.991381] clocksource: jiffies: mask: 0xffffffff max_cycles: 0xffffffff, max_idle_ns: 7645041785100000 ns
[    1.999274] futex hash table entries: 512 (order: 3, 32768 bytes)
[    2.005471] pinctrl core: initialized pinctrl subsystem
[    2.011928] RTC time:  1:41:21, date: 06/16/20
[    2.019770] NET: Registered protocol family 16
[    2.034642] cpuidle: using governor ladder
[    2.049389] cpuidle: using governor menu
[    2.052412] PCCT header not found.
[    2.057810] ACPI: bus type PCI registered
[    2.061768] acpiphp: ACPI Hot Plug PCI Controller Driver version: 0.5
[    2.066402] PCI: Using configuration type 1 for base access
[    2.070848] PCI: Using configuration type 1 for extended access
[    2.092135] ACPI: Added _OSI(Module Device)
[    2.096364] ACPI: Added _OSI(Processor Device)
[    2.101641] ACPI: Added _OSI(3.0 _SCP Extensions)
[    2.108654] ACPI: Added _OSI(Processor Aggregator Device)
[    2.115929] ACPI: Executed 1 blocks of module-level executable AML code
[    2.128543] ACPI: Interpreter enabled
[    2.132668] ACPI: (supports S0 S5)
[    2.136199] ACPI: Using IOAPIC for interrupt routing
[    2.142275] PCI: Using host bridge windows from ACPI; if necessary, use "pci=nocrs" and report a bug
[    2.158646] ACPI: PCI Root Bridge [PCI0] (domain 0000 [bus 00-ff])
[    2.165903] acpi PNP0A03:00: _OSC: OS supports [ExtendedConfig ASPM ClockPM Segments MSI]
[    2.175516] acpi PNP0A03:00: _OSC: platform does not support [PCIeCapability]
[    2.182657] acpi PNP0A03:00: _OSC: not requesting control; platform does not support [PCIeCapability]
[    2.190849] acpi PNP0A03:00: _OSC: OS requested [PCIeHotplug PME AER PCIeCapability]
[    2.199143] acpi PNP0A03:00: _OSC: platform willing to grant [PCIeHotplug PME AER]
[    2.206628] acpi PNP0A03:00: _OSC failed (AE_SUPPORT); disabling ASPM
[    2.213377] PCI host bridge to bus 0000:00
[    2.218727] pci_bus 0000:00: root bus resource [io  0x0000-0x0cf7 window]
[    2.225466] pci_bus 0000:00: root bus resource [io  0x0d00-0xffff window]
[    2.232123] pci_bus 0000:00: root bus resource [mem 0x000a0000-0x000bffff window]
[    2.250063] pci_bus 0000:00: root bus resource [mem 0x40000000-0xfdffffff window]
[    2.268100] pci_bus 0000:00: root bus resource [bus 00-ff]
[    2.427551] pci 0000:00:01.1: legacy IDE quirk: reg 0x10: [io  0x01f0-0x01f7]
[    2.440804] pci 0000:00:01.1: legacy IDE quirk: reg 0x14: [io  0x03f6]
[    2.450056] pci 0000:00:01.1: legacy IDE quirk: reg 0x18: [io  0x0170-0x0177]
[    2.460092] pci 0000:00:01.1: legacy IDE quirk: reg 0x1c: [io  0x0376]
[    2.512871] pci 0000:00:07.0: quirk: [io  0x4000-0x403f] claimed by PIIX4 ACPI
[    2.520047] pci 0000:00:07.0: quirk: [io  0x4100-0x410f] claimed by PIIX4 SMB
[    2.544201] ACPI: PCI Interrupt Link [LNKA] (IRQs 5 9 10 *11)
[    2.552681] ACPI: PCI Interrupt Link [LNKB] (IRQs 5 9 *10 11)
[    2.558718] ACPI: PCI Interrupt Link [LNKC] (IRQs 5 *9 10 11)
[    2.566282] ACPI: PCI Interrupt Link [LNKD] (IRQs 5 9 10 *11)
[    2.574179] ACPI: Enabled 2 GPEs in block 00 to 07
[    2.581129] vgaarb: setting as boot device: PCI:0000:00:02.0
[    2.586003] vgaarb: device added: PCI:0000:00:02.0,decodes=io+mem,owns=io+mem,locks=none
[    2.592223] vgaarb: loaded
[    2.595397] vgaarb: bridge control possible 0000:00:02.0
[    2.601149] SCSI subsystem initialized
[    2.606054] ACPI: bus type USB registered
[    2.609837] usbcore: registered new interface driver usbfs
[    2.614435] usbcore: registered new interface driver hub
[    2.619296] usbcore: registered new device driver usb
[    2.624314] PCI: Using ACPI for IRQ routing
[    2.630172] NetLabel: Initializing
[    2.633631] NetLabel:  domain hash size = 128
[    2.636859] NetLabel:  protocols = UNLABELED CIPSOv4
[    2.641003] NetLabel:  unlabeled traffic allowed by default
[    2.646587] amd_nb: Cannot enumerate AMD northbridges
[    2.651704] clocksource: Switched to clocksource kvm-clock
[    2.675980] AppArmor: AppArmor Filesystem Enabled
[    2.682307] pnp: PnP ACPI init
[    2.687344] pnp: PnP ACPI: found 3 devices
[    2.716544] clocksource: acpi_pm: mask: 0xffffff max_cycles: 0xffffff, max_idle_ns: 2085701024 ns
[    2.722867] NET: Registered protocol family 2
[    2.728457] TCP established hash table entries: 8192 (order: 4, 65536 bytes)
[    2.734366] TCP bind hash table entries: 8192 (order: 5, 131072 bytes)
[    2.740426] TCP: Hash tables configured (established 8192 bind 8192)
[    2.749561] UDP hash table entries: 512 (order: 2, 16384 bytes)
[    2.755001] UDP-Lite hash table entries: 512 (order: 2, 16384 bytes)
[    2.761609] NET: Registered protocol family 1
[    2.766659] pci 0000:00:00.0: Limiting direct PCI/PCI transfers
[    2.772358] pci 0000:00:01.0: Activating ISA DMA hang workarounds
[    2.778974] Unpacking initramfs...
[    3.036578] Freeing initrd memory: 14884K
[    3.043281] clocksource: tsc: mask: 0xffffffffffffffff max_cycles: 0x6a7763b2526, max_idle_ns: 881590616402 ns
[    3.056473] platform rtc_cmos: registered platform RTC device (no PNP device found)
[    3.067028] Scanning for low memory corruption every 60 seconds
[    3.073781] audit: initializing netlink subsys (disabled)
[    3.085585] audit: type=2000 audit(1592271687.631:1): initialized
[    3.096755] Initialise system trusted keyring
[    3.105123] HugeTLB registered 2 MB page size, pre-allocated 0 pages
[    3.115219] zbud: loaded
[    3.122004] VFS: Disk quotas dquot_6.6.0
[    3.127476] VFS: Dquot-cache hash table entries: 512 (order 0, 4096 bytes)
[    3.137323] squashfs: version 4.0 (2009/01/31) Phillip Lougher
[    3.145890] fuse init (API version 7.23)
[    3.152643] Key type big_key registered
[    3.159207] Allocating IMA MOK and blacklist keyrings.
[    3.180293] Key type asymmetric registered
[    3.186584] Asymmetric key parser 'x509' registered
[    3.193851] Block layer SCSI generic (bsg) driver version 0.4 loaded (major 249)
[    3.209015] io scheduler noop registered
[    3.215219] io scheduler deadline registered (default)
[    3.223497] io scheduler cfq registered
[    3.230770] pci_hotplug: PCI Hot Plug PCI Core version: 0.5
[    3.238803] pciehp: PCI Express Hot Plug Controller Driver version: 0.4
[    3.248287] ACPI: AC Adapter [AC] (on-line)
[    3.254549] input: Power Button as /devices/LNXSYSTM:00/LNXPWRBN:00/input/input0
[    3.263508] ACPI: Power Button [PWRF]
[    3.269653] input: Sleep Button as /devices/LNXSYSTM:00/LNXSLPBN:00/input/input1
[    3.282729] ACPI: Sleep Button [SLPF]
[    3.292795] GHES: HEST is not enabled!
[    3.301393] Serial: 8250/16550 driver, 32 ports, IRQ sharing enabled
[    3.350377] 00:02: ttyS0 at I/O 0x3f8 (irq = 4, base_baud = 115200) is a 16550A
[    3.397577] Linux agpgart interface v0.103
[    3.437390] loop: module loaded
[    3.464593] scsi host0: ata_piix
[    3.483034] scsi host1: ata_piix
[    3.500509] ata1: PATA max UDMA/33 cmd 0x1f0 ctl 0x3f6 bmdma 0xd000 irq 14
[    3.516432] ata2: PATA max UDMA/33 cmd 0x170 ctl 0x376 bmdma 0xd008 irq 15
[    3.528812] libphy: Fixed MDIO Bus: probed
[    3.535893] tun: Universal TUN/TAP device driver, 1.6
[    3.543830] tun: (C) 1999-2004 Max Krasnyansky <maxk@qualcomm.com>
[    3.554655] PPP generic driver version 2.4.2
[    3.564142] ehci_hcd: USB 2.0 'Enhanced' Host Controller (EHCI) Driver
[    3.571732] ehci-pci: EHCI PCI platform driver
[    3.581432] ehci-platform: EHCI generic platform driver
[    3.590102] ohci_hcd: USB 1.1 'Open' Host Controller (OHCI) Driver
[    3.600880] ohci-pci: OHCI PCI platform driver
[    3.607984] ohci-platform: OHCI generic platform driver
[    3.616236] uhci_hcd: USB Universal Host Controller Interface driver
[    3.622821] i8042: PNP: PS/2 Controller [PNP0303:PS2K,PNP0f03:PS2M] at 0x60,0x64 irq 1,12
[    3.638533] serio: i8042 KBD port at 0x60,0x64 irq 1
[    3.645651] serio: i8042 AUX port at 0x60,0x64 irq 12
[    3.658716] mousedev: PS/2 mouse device common for all mice
[    3.669465] rtc_cmos rtc_cmos: rtc core: registered rtc_cmos as rtc0
[    3.675982] input: AT Translated Set 2 keyboard as /devices/platform/i8042/serio0/input/input2
[    3.676461] rtc_cmos rtc_cmos: alarms up to one day, 114 bytes nvram
[    3.676478] i2c /dev entries driver
[    3.676687] device-mapper: uevent: version 1.0.3
[    3.677061] device-mapper: ioctl: 4.34.0-ioctl (2015-10-28) initialised: dm-devel@redhat.com
[    3.677182] ledtrig-cpu: registered to indicate activity on CPUs
[    3.679694] NET: Registered protocol family 10
[    3.680875] NET: Registered protocol family 17
[    3.680917] Key type dns_resolver registered
[    3.681463] registered taskstats version 1
[    3.681557] Loading compiled-in X.509 certificates
[    3.682390] Loaded X.509 cert 'Build time autogenerated kernel key: b6ae09eed57f82583ccd3c65c463e852cdd7a0b5'
[    3.682448] zswap: loaded using pool lzo/zbud
[    3.789077] Key type trusted registered
[    3.832506] Key type encrypted registered
[    3.837871] AppArmor: AppArmor sha1 policy hashing enabled
[    3.844957] ima: No TPM chip found, activating TPM-bypass!
[    3.852418] ima: Allocated hash algorithm: sha1
[    3.858511] evm: HMAC attrs: 0x1
[    3.864564]   Magic number: 8:437:660
[    3.869222] rtc_cmos rtc_cmos: setting system clock to 2020-06-16 01:41:23 UTC (1592271683)
[    3.881049] BIOS EDD facility v0.16 2004-Jun-25, 0 devices found
[    3.888721] EDD information not available.
[    3.905791] Freeing unused kernel memory: 1492K
[    3.924179] Write protecting the kernel read-only data: 14336k
[    3.964210] Freeing unused kernel memory: 1596K
[    3.970696] Freeing unused kernel memory: 60K
Loading, please wait...
starting version 229
[    4.351486] random: systemd-udevd: uninitialized urandom read (16 bytes read, 3 bits of entropy available)
[    4.366808] random: systemd-udevd: uninitialized urandom read (16 bytes read, 3 bits of entropy available)
[    4.380097] random: udevadm: uninitialized urandom read (16 bytes read, 3 bits of entropy available)
[    4.380163] random: udevadm: uninitialized urandom read (16 bytes read, 3 bits of entropy available)
[    4.407979] random: systemd-udevd: uninitialized urandom read (16 bytes read, 3 bits of entropy available)
[    4.421575] random: systemd-udevd: uninitialized urandom read (16 bytes read, 3 bits of entropy available)
[    4.440361] random: systemd-udevd: uninitialized urandom read (16 bytes read, 3 bits of entropy available)
[    4.456148] random: systemd-udevd: uninitialized urandom read (16 bytes read, 3 bits of entropy available)
[    4.471241] random: udevadm: uninitialized urandom read (16 bytes read, 3 bits of entropy available)
[    4.471642] random: udevadm: uninitialized urandom read (16 bytes read, 3 bits of entropy available)
[    4.982521] e1000: Intel(R) PRO/1000 Network Driver - version 7.3.21-k8-NAPI
[    4.994568] e1000: Copyright (c) 1999-2006 Intel Corporation.
[    5.043674] Fusion MPT base driver 3.04.20
[    5.050081] Copyright (c) 1999-2008 LSI Corporation
[    5.193600] Fusion MPT SPI Host driver 3.04.20
[    5.303450] input: ImExPS/2 Generic Explorer Mouse as /devices/platform/i8042/serio1/input/input4
[    5.825258] e1000 0000:00:03.0 eth0: (PCI:33MHz:32-bit) 02:da:92:60:70:7f
[    5.832470] e1000 0000:00:03.0 eth0: Intel(R) PRO/1000 Network Connection
[    5.846253] mptbase: ioc0: Initiating bringup
[    5.853458] e1000 0000:00:03.0 enp0s3: renamed from eth0
[    6.065020] ioc0: LSI53C1030 A0: Capabilities={Initiator}
[    7.227041] scsi host2: ioc0: LSI53C1030 A0, FwRev=00000000h, Ports=1, MaxQ=256, IRQ=20
[    8.182507] scsi 2:0:0:0: Direct-Access     VBOX     HARDDISK         1.0  PQ: 0 ANSI: 5
[    8.195342] scsi target2:0:0: Beginning Domain Validation
[    8.210120] scsi target2:0:0: Domain Validation skipping write tests
[    8.222191] scsi target2:0:0: Ending Domain Validation
[    8.232753] scsi target2:0:0: asynchronous
[    8.241877] scsi 2:0:1:0: Direct-Access     VBOX     HARDDISK         1.0  PQ: 0 ANSI: 5
[    8.257337] scsi target2:0:1: Beginning Domain Validation
[    8.276640] scsi target2:0:1: Domain Validation skipping write tests
[    8.287656] scsi target2:0:1: Ending Domain Validation
[    8.436190] scsi target2:0:1: asynchronous
[    8.483735] sd 2:0:0:0: [sda] 20971520 512-byte logical blocks: (10.7 GB/10.0 GiB)
[    8.483866] sd 2:0:0:0: Attached scsi generic sg0 type 0
[    8.491769] sd 2:0:1:0: Attached scsi generic sg1 type 0
[    8.493325] sd 2:0:1:0: [sdb] 20480 512-byte logical blocks: (10.5 MB/10.0 MiB)
[    8.494170] sd 2:0:1:0: [sdb] Write Protect is off
[    8.495363] sd 2:0:1:0: [sdb] Incomplete mode parameter data
[    8.495364] sd 2:0:1:0: [sdb] Assuming drive cache: write through
[    8.549134] sd 2:0:0:0: [sda] Write Protect is off
[    8.554622] sd 2:0:0:0: [sda] Incomplete mode parameter data
[    8.565169] sd 2:0:0:0: [sda] Assuming drive cache: write through
[    8.584198] sd 2:0:1:0: [sdb] Attached SCSI disk
[    8.599261]  sda: sda1
[    8.604453] sd 2:0:0:0: [sda] Attached SCSI disk
Begin: Loading essential drivers ... [   13.111364] md: linear personality registered for level -1
[   13.200641] md: multipath personality registered for level -4
[   13.258770] md: raid0 personality registered for level 0
[   13.330306] md: raid1 personality registered for level 1
[   13.439972] raid6: sse2x1   gen()  6077 MB/s
[   13.511917] raid6: sse2x1   xor()  6554 MB/s
[   13.583967] raid6: sse2x2   gen() 13152 MB/s
[   13.656206] raid6: sse2x2   xor()  8626 MB/s
[   13.727863] raid6: sse2x4   gen() 12806 MB/s
[   13.803832] raid6: sse2x4   xor()  6984 MB/s
[   13.809833] raid6: using algorithm sse2x2 gen() 13152 MB/s
[   13.819165] raid6: .... xor() 8626 MB/s, rmw enabled
[   13.830253] raid6: using ssse3x2 recovery algorithm
[   13.842036] xor: measuring software checksum speed
[   13.891869]    prefetch64-sse: 13018.000 MB/sec
[   13.935755]    generic_sse: 12106.000 MB/sec
[   13.942988] xor: using function: prefetch64-sse (13018.000 MB/sec)
[   13.955536] async_tx: api initialized (async)
[   14.133287] md: raid6 personality registered for level 6
[   14.154832] md: raid5 personality registered for level 5
[   14.183510] md: raid4 personality registered for level 4
[   14.425857] md: raid10 personality registered for level 10
done.
Begin: Running /scripts/init-premount ... done.
Begin: Mounting root file system ... Begin: Running /scripts/local-top ... done.
Begin: Running /scripts/local-premount ... [   14.734411] Btrfs loaded
Scanning for Btrfs filesystems
done.
Warning: fsck not present, so skipping root file system
[   15.179946] EXT4-fs (sda1): INFO: recovery required on readonly filesystem
[   15.188401] EXT4-fs (sda1): write access will be enabled during recovery
[   15.615554] random: nonblocking pool is initialized
[   15.629841] EXT4-fs (sda1): recovery complete
[   15.636806] EXT4-fs (sda1): mounted filesystem with ordered data mode. Opts: (null)
done.
Begin: Running /scripts/local-bottom ... done.
Begin: Running /scripts/init-bottom ... done.
[   18.015028] systemd[1]: systemd 229 running in system mode. (+PAM +AUDIT +SELINUX +IMA +APPARMOR +SMACK +SYSVINIT +UTMP +LIBCRYPTSETUP +GCRYPT +GNUTLS +ACL +XZ -LZ4 +SECCOMP +BLKID +ELFUTILS +KMOD -IDN)
[   18.038173] systemd[1]: Detected virtualization oracle.
[   18.047014] systemd[1]: Detected architecture x86-64.

Welcome to [1mUbuntu 16.04.6 LTS[0m!

[   18.106283] systemd[1]: Set hostname to <ubuntu-xenial>.
[   19.411891] systemd[1]: Reached target System Time Synchronized.
[[0;32m  OK  [0m] Reached target System Time Synchronized.
[   19.422058] systemd[1]: Created slice System Slice.
[[0;32m  OK  [0m] Created slice System Slice.
[   19.429112] systemd[1]: Created slice system-serial\x2dgetty.slice.
[[0;32m  OK  [0m] Created slice system-serial\x2dgetty.slice.
[   19.437787] systemd[1]: Reached target Encrypted Volumes.
[[0;32m  OK  [0m] Reached target Encrypted Volumes.
[   19.447254] systemd[1]: Listening on udev Kernel Socket.
[[0;32m  OK  [0m] Listening on udev Kernel Socket.
[   19.455732] systemd[1]: Set up automount Arbitrary Executable File Formats File System Automount Point.
[[0;32m  OK  [0m] Set up automount Arbitrary Executab...ats File System Automount Point.
[   19.468954] systemd[1]: Listening on Journal Socket.
[[0;32m  OK  [0m] Listening on Journal Socket.
[   19.497468] systemd[1]: Mounting Huge Pages File System...
         Mounting Huge Pages File System...
[   19.534273] systemd[1]: Mounting POSIX Message Queue File System...
         Mounting POSIX Message Queue File System...
[   19.578987] systemd[1]: Started Forward Password Requests to Wall Directory Watch.
[[0;32m  OK  [0m] Started Forward Password Requests to Wall Directory Watch.
[   19.633152] systemd[1]: Mounting Debug File System...
         Mounting Debug File System...
[   19.675695] systemd[1]: Starting Uncomplicated firewall...
         Starting Uncomplicated firewall...
[   19.712847] systemd[1]: Starting Nameserver information manager...
         Starting Nameserver information manager...
[   19.762431] systemd[1]: Listening on LVM2 metadata daemon socket.
[[0;32m  OK  [0m] Listening on LVM2 metadata daemon socket.
[   19.802757] systemd[1]: Starting Set console keymap...
         Starting Set console keymap...
[   19.847908] systemd[1]: Listening on udev Control Socket.
[[0;32m  OK  [0m] Listening on udev Control Socket.
[   19.865310] systemd[1]: Listening on Journal Socket (/dev/log).
[[0;32m  OK  [0m] Listening on Journal Socket (/dev/log).
[   19.880514] systemd[1]: Reached target Swap.
[[0;32m  OK  [0m] Reached target Swap.
[   19.894710] systemd[1]: Listening on LVM2 poll daemon socket.
[[0;32m  OK  [0m] Listening on LVM2 poll daemon socket.
[   19.965637] systemd[1]: Starting Create list of required static device nodes for the current kernel...
         Starting Create list of required st... nodes for the current kernel...
[   19.987506] systemd[1]: Listening on Device-mapper event daemon FIFOs.
[[0;32m  OK  [0m] Listening on Device-mapper event daemon FIFOs.
[   20.043140] systemd[1]: Starting Monitoring of LVM2 mirrors, snapshots etc. using dmeventd or progress polling...
         Starting Monitoring of LVM2 mirrors... dmeventd or progress polling...
[   20.069160] systemd[1]: Listening on /dev/initctl Compatibility Named Pipe.
[[0;32m  OK  [0m] Listening on /dev/initctl Compatibility Named Pipe.
[   20.116770] systemd[1]: Listening on Journal Audit Socket.
[[0;32m  OK  [0m] Listening on Journal Audit Socket.
[   20.126777] systemd[1]: Listening on Syslog Socket.
[[0;32m  OK  [0m] Listening on Syslog Socket.
[   20.186286] systemd[1]: Starting Journal Service...
         Starting Journal Service...
[   20.238082] systemd[1]: Created slice User and Session Slice.
[[0;32m  OK  [0m] Created slice User and Session Slice.
[   20.274765] systemd[1]: Reached target Slices.
[[0;32m  OK  [0m] Reached target Slices.
[   20.296633] systemd[1]: Started Trigger resolvconf update for networkd DNS.
[[0;32m  OK  [0m] Started Trigger resolvconf update for networkd DNS.
[   20.362769] systemd[1]: Starting Load Kernel Modules...
         Starting Load Kernel Modules...
[   20.403072] systemd[1]: Starting Remount Root and Kernel File Systems...
         Starting Remount Root and Kernel File Systems...
[   20.425770] systemd[1]: Reached target User and Group Name Lookups.
[[0;32m  OK  [0m] Reached target User and Group Name Lookups.
[   20.463519] systemd[1]: Mounted Debug File System.
[[0;32m  OK  [0m] Mounted Debug File System.
[   20.496005] systemd[1]: Mounted POSIX Message Queue File System.
[[0;32m  OK  [0m] Mounted POSIX Message Queue File System.
[   20.536905] systemd[1]: Mounted Huge Pages File System.
[[0;32m  OK  [0m] Mounted Huge Pages File System.
[   20.563464] systemd[1]: Started Uncomplicated firewall.
[   20.569976] EXT4-fs (sda1): re-mounted. Opts: (null)
[   20.587138] Loading iSCSI transport class v2.0-870.
[[0;32m  OK  [0m] Started Uncomplicated firewall.
[   20.617962] systemd[1]: Started Set console keymap.
[[0;32m  OK  [0m] Started Set console keymap.
[   20.654127] systemd[1]: Started Create list of required static device nodes for the current kernel.
[[0;32m  OK  [0m] Started Create list of required sta...ce nodes for the current k[   20.692489] iscsi: registered transport (tcp)
ernel.
[   20.705344] systemd[1]: Started Remount Root and Kernel File Systems.
[[0;32m  OK  [0m] Started Remount Root and Kernel File Systems.
[   20.766233] systemd[1]: Started Nameserver information manager.
[[0;32m  OK  [0m] Started Nameserver information manager.
[   20.829529] systemd[1]: Started Journal Service.
[[0;32m  OK  [0m] Started Journal Service.
[[0;32m  OK  [0m] Started LVM2 metadata daemon.
         Starting Load/Save Random Seed...
         Starting Flush Journal to Persistent Storage...
         Starting udev Coldplug all Devices...
[   21.148145] iscsi: registered transport (iser)
         Starting Create Static Device Nodes in /dev...
[[0;32m  OK  [0m] Started Load/Save Random Seed.
[[0;32m  OK  [0m] Started Load Kernel Modules.
         Mounting FUSE Control File System...
         Starting Apply Kernel Variables...
[   21.650677] systemd-journald[379]: Received request to flush runtime journal from PID 1
[[0;32m  OK  [0m] Mounted FUSE Control File System.
[[0;32m  OK  [0m] Started Flush Journal to Persistent Storage.
[[0;32m  OK  [0m] Started Monitoring of LVM2 mirrors,...ng dmeventd or progress polling.
[[0;32m  OK  [0m] Started Apply Kernel Variables.
[[0;32m  OK  [0m] Started Create Static Device Nodes in /dev.
         Starting udev Kernel Device Manager...
[[0;32m  OK  [0m] Reached target Local File Systems (Pre).
[[0;32m  OK  [0m] Reached target Local File Systems.
         Starting Initial cloud-init job (pre-networking)...
         Starting Set console font and keymap...
         Starting LSB: AppArmor initialization...
         Starting Create Volatile Files and Directories...
         Starting Tell Plymouth To Write Out Runtime Data...
[[0;32m  OK  [0m] Started udev Coldplug all Devices.
[[0;32m  OK  [0m] Started Create Volatile Files and Directories.
         Starting Update UTMP about System Boot/Shutdown...
[[0;32m  OK  [0m] Started Tell Plymouth To Write Out Runtime Data.
[[0;32m  OK  [0m] Started udev Kernel Device Manager.
[[0;32m  OK  [0m] Started Dispatch Password Requests to Console Directory Watch.
[[0;32m  OK  [0m] Started Update UTMP about System Boot/Shutdown.
[[0;32m  OK  [0m] Found device /dev/ttyS0.
[[0;32m  OK  [0m] Listening on Load/Save RF Kill Switch Status /dev/rfkill Watch.
[[0;32m  OK  [0m] Started LSB: AppArmor initialization.
[[0;32m  OK  [0m] Found device 82540EM Gigabit Ethern...r (PRO/1000 MT Desktop Adapter).
[   34.768823] cloud-init[448]: Cloud-init v. 19.4-33-gbb4131a2-0ubuntu1~16.04.1 running 'init-local' at Tue, 16 Jun 2020 01:41:52 +0000. Up 31.79 seconds.
[[0;32m  OK  [0m] Started Initial cloud-init job (pre-networking).
[[0;32m  OK  [0m] Reached target Network (Pre).
         Starting Raise network interfaces...
[[0;32m  OK  [0m] Started ifup for enp0s3.
[[0;32m  OK  [0m] Started Set console font and keymap.
[[0;32m  OK  [0m] Created slice system-getty.slice.
[[0;32m  OK  [0m] Started Raise network interfaces.
[[0;32m  OK  [0m] Reached target Network.
         Starting Initial cloud-init job (metadata service crawler)...
[   51.577914] cloud-init[1093]: Cloud-init v. 19.4-33-gbb4131a2-0ubuntu1~16.04.1 running 'init' at Tue, 16 Jun 2020 01:42:05 +0000. Up 44.39 seconds.
[   51.598811] cloud-init[1093]: ci-info: ++++++++++++++++++++++++++++++++++++++Net device info++++++++++++++++++++++++++++++++++++++
[   51.610556] cloud-init[1093]: ci-info: +--------+------+----------------------------+---------------+--------+-------------------+
[   51.632763] cloud-init[1093]: ci-info: | Device |  Up  |          Address           |      Mask     | Scope  |     Hw-Address    |
[   51.658440] cloud-init[1093]: ci-info: +--------+------+----------------------------+---------------+--------+-------------------+
[   51.689215] cloud-init[1093]: ci-info: | enp0s3 | True |         10.0.2.15          | 255.255.255.0 | global | 02:da:92:60:70:7f |
[   51.708716] cloud-init[1093]: ci-info: | enp0s3 | True | fe80::da:92ff:fe60:707f/64 |       .       |  link  | 02:da:92:60:70:7f |
[   51.734785] cloud-init[1093]: ci-info: |   lo   | True |         127.0.0.1          |   255.0.0.0   |  host  |         .         |
[   51.751404] cloud-init[1093]: ci-info: |   lo   | True |          ::1/128           |       .       |  host  |         .         |
[   51.778482] cloud-init[1093]: ci-info: +--------+------+----------------------------+---------------+--------+-------------------+
[   51.809232] cloud-init[1093]: ci-info: +++++++++++++++++++++++++++Route IPv4 info++++++++++++++++++++++++++++
[   51.834287] cloud-init[1093]: ci-info: +-------+-------------+----------+---------------+-----------+-------+
[   51.878200] cloud-init[1093]: ci-info: | Route | Destination | Gateway  |    Genmask    | Interface | Flags |
[   51.894335] cloud-init[1093]: ci-info: +-------+-------------+----------+---------------+-----------+-------+
[   51.911816] cloud-init[1093]: ci-info: |   0   |   0.0.0.0   | 10.0.2.2 |    0.0.0.0    |   enp0s3  |   UG  |
[   51.924719] cloud-init[1093]: ci-info: |   1   |   10.0.2.0  | 0.0.0.0  | 255.255.255.0 |   enp0s3  |   U   |
[   51.941079] cloud-init[1093]: ci-info: +-------+-------------+----------+---------------+-----------+-------+
[   51.955508] cloud-init[1093]: ci-info: +++++++++++++++++++Route IPv6 info+++++++++++++++++++
[   51.962474] cloud-init[1093]: ci-info: +-------+-------------+---------+-----------+-------+
[   51.976774] cloud-init[1093]: ci-info: | Route | Destination | Gateway | Interface | Flags |
[   51.990621] cloud-init[1093]: ci-info: +-------+-------------+---------+-----------+-------+
[   52.002262] cloud-init[1093]: ci-info: |   0   |  fe80::/64  |    ::   |   enp0s3  |   U   |
[   52.016530] cloud-init[1093]: ci-info: |   4   |   ff00::/8  |    ::   |   enp0s3  |   U   |
[   52.030891] cloud-init[1093]: ci-info: +-------+-------------+---------+-----------+-------+
[[0;32m  OK  [0m] Started Initial cloud-init job (metadata service crawler).
[[0;32m  OK  [0m] Reached target Network is Online.
         Starting iSCSI initiator daemon (iscsid)...
[[0;32m  OK  [0m] Reached target Cloud-config availability.
[[0;32m  OK  [0m] Reached target System Initialization.
[[0;32m  OK  [0m] Listening on UUID daemon activation socket.
         Starting Docker Socket for the API.
         Starting Socket activation for snappy daemon.
[[0;32m  OK  [0m] Listening on D-Bus System Message Bus Socket.
[[0;32m  OK  [0m] Started ACPI Events Check.
[[0;32m  OK  [0m] Reached target Paths.
[[0;32m  OK  [0m] Started Daily apt download activities.
[[0;32m  OK  [0m] Started Daily apt upgrade and clean activities.
[[0;32m  OK  [0m] Started Daily Cleanup of Temporary Directories.
[[0;32m  OK  [0m] Listening on ACPID Listen Socket.
         Starting LXD - unix socket.
[[0;32m  OK  [0m] Started Message of the Day.
[[0;32m  OK  [0m] Reached target Timers.
[[0;32m  OK  [0m] Listening on Docker Socket for the API.
[[0;32m  OK  [0m] Listening on Socket activation for snappy daemon.
[[0;32m  OK  [0m] Listening on LXD - unix socket.
[[0;32m  OK  [0m] Started iSCSI initiator daemon (iscsid).
         Starting Login to default iSCSI targets...
[[0;32m  OK  [0m] Reached target Sockets.
[[0;32m  OK  [0m] Reached target Basic System.
         Starting /etc/rc.local Compatibility...
         Starting containerd container runtime...
         Starting Message of the Day...
         Starting System Logging Service...
         Starting Virtualbox guest utils...
         Starting Login Service...
[[0;32m  OK  [0m] Started D-Bus System Message Bus.
         Starting LSB: MD monitoring daemon...
[[0;32m  OK  [0m] Started Deferred execution scheduler.
         Starting Ubuntu FAN network setup...
         Starting LXD - container startup/shutdown...
         Starting OpenBSD Secure Shell server...
[[0;32m  OK  [0m] Started Regular background program processing daemon.
         Starting LSB: Record successful boot for GRUB...
         Starting Accounts Service...
[[0;32m  OK  [0m] Started ACPI event daemon.
         Starting Snappy daemon...
[[0;32m  OK  [0m] Started FUSE filesystem for LXC.
[[0;32m  OK  [0m] Started System Logging Service.
[[0;32m  OK  [0m] Started /etc/rc.local Compatibility.
[[0;32m  OK  [0m] Started containerd container runtime.
[[0;32m  OK  [0m] Started Ubuntu FAN network setup.
         Starting Docker Application Container Engine...
[[0;32m  OK  [0m] Started Login Service.
[[0;32m  OK  [0m] Started Unattended Upgrades Shutdown.
[[0;32m  OK  [0m] Started Login to default iSCSI targets.
[[0;32m  OK  [0m] Reached target Remote File Systems (Pre).
[[0;32m  OK  [0m] Reached target Remote File Systems.
         Starting LSB: automatic crash report generation...
         Starting LSB: Set the CPU Frequency Scaling governor to "ondemand"...
         Starting LSB: Set up cgroupfs mounts....
         Starting Permit User Sessions...
         Starting LSB: daemon to balance interrupts for SMP systems...
         Starting Authenticate and Authorize Users to Run Privileged Tasks...
[[0;32m  OK  [0m] Started Permit User Sessions.
         Starting Terminate Plymouth Boot Screen...
         Starting Hold until boot process finishes up...
[[0;32m  OK  [0m] Started OpenBSD Secure Shell server.
[[0;32m  OK  [0m] Started LSB: Set up cgroupfs mounts..
[[0;32m  OK  [0m] Started Hold until boot process finishes up.
[[0;32m  OK  [0m] Started Getty on tty1.
         Starting Set console scheme...
[[0;32m  OK  [0m] Started Serial Getty on ttyS0.
[[0;32m  OK  [0m] Reached target Login Prompts.
[[0;32m  OK  [0m] Started LSB: MD monitoring daemon.
[[0;32m  OK  [0m] Started Terminate Plymouth Boot Screen.
[[0;32m  OK  [0m] Started Set console scheme.
[[0;32m  OK  [0m] Started Authenticate and Authorize Users to Run Privileged Tasks.
[[0;32m  OK  [0m] Started Accounts Service.
[[0;32m  OK  [0m] Started LXD - container startup/shutdown.
[[0;32m  OK  [0m] Started LSB: Set the CPU Frequency Scaling governor to "ondemand".
[[0;32m  OK  [0m] Started LSB: Record successful boot for GRUB.
[[0;32m  OK  [0m] Started LSB: daemon to balance interrupts for SMP systems.
[[0;32m  OK  [0m] Started LSB: automatic crash report generation.
[[0;32m  OK  [0m] Started Virtualbox guest utils.
[[0;32m  OK  [0m] Created slice User Slice of vagrant.
         Starting User Manager for UID 1000...
[[0;32m  OK  [0m] Started Session 1 of user vagrant.
[[0;32m  OK  [0m] Started User Manager for UID 1000.

Ubuntu 16.04.6 LTS ubuntu-xenial ttyS0

ubuntu-xenial login: [   86.223573] cloud-init[1500]: Cloud-init v. 19.4-33-gbb4131a2-0ubuntu1~16.04.1 running 'modules:config' at Tue, 16 Jun 2020 01:42:43 +0000. Up 82.79 seconds.
[   94.644671] cloud-init[1812]: Cloud-init v. 19.4-33-gbb4131a2-0ubuntu1~16.04.1 running 'modules:final' at Tue, 16 Jun 2020 01:42:54 +0000. Up 93.54 seconds.
[   94.668949] cloud-init[1812]: Cloud-init v. 19.4-33-gbb4131a2-0ubuntu1~16.04.1 finished at Tue, 16 Jun 2020 01:42:55 +0000. Datasource DataSourceNoCloud [seed=/dev/sdb][dsmode=net].  Up 94.42 seconds
